# JRE version: OpenJDK Runtime Environment Temurin-17.0.9+9 (17.0.9+9) (build 17.0.9+9)
# Java VM: OpenJDK 64-Bit Server VM Temurin-17.0.9+9 (17.0.9+9, mixed mode, emulated-client, tiered, compressed oops, compressed class ptrs, g1 gc, windows-amd64)
GC Precious Log:
 CPUs: 12 total, 12 available
 Memory: 14197M
 Large Page Support: Disabled
 NUMA Support: Disabled
 Compressed Oops: Enabled (32-bit)
 Heap Region Size: 1M
 Heap Min Capacity: 8M
 Heap Initial Capacity: 222M
 Heap Max Capacity: 1G
 Pre-touch: Disabled
 Parallel Workers: 10
 Concurrent Workers: 3
 Concurrent Refinement Workers: 10
 Periodic GC: Disabled
Heap:
 garbage-first heap   total 86016K, used 28378K [0x00000000c0000000, 0x0000000100000000)
  region size 1024K, 1 young (1024K), 0 survivors (0K)
 Metaspace       used 58756K, committed 59200K, reserved 1114112K
  class space    used 7290K, committed 7488K, reserved 1048576K
GC Heap History (20 events):
Event: 435535.897 GC heap before
{Heap before GC invocations=18757 (full 18739):
 garbage-first heap   total 86016K, used 28378K [0x00000000c0000000, 0x0000000100000000)
  region size 1024K, 1 young (1024K), 0 survivors (0K)
 Metaspace       used 58756K, committed 59200K, reserved 1114112K
  class space    used 7290K, committed 7488K, reserved 1048576K
}
Event: 435535.924 GC heap after
{Heap after GC invocations=18758 (full 18740):
 garbage-first heap   total 86016K, used 28378K [0x00000000c0000000, 0x0000000100000000)
  region size 1024K, 0 young (0K), 0 survivors (0K)
 Metaspace       used 58756K, committed 59200K, reserved 1114112K
  class space    used 7290K, committed 7488K, reserved 1048576K
}
Event: 435546.442 GC heap before
{Heap before GC invocations=18758 (full 18740):
 garbage-first heap   total 86016K, used 28378K [0x00000000c0000000, 0x0000000100000000)
  region size 1024K, 1 young (1024K), 0 survivors (0K)
 Metaspace       used 58756K, committed 59200K, reserved 1114112K
  class space    used 7290K, committed 7488K, reserved 1048576K
}
Event: 435546.473 GC heap after
{Heap after GC invocations=18759 (full 18741):
 garbage-first heap   total 86016K, used 28378K [0x00000000c0000000, 0x0000000100000000)
  region size 1024K, 0 young (0K), 0 survivors (0K)
 Metaspace       used 58756K, committed 59200K, reserved 1114112K
  class space    used 7290K, committed 7488K, reserved 1048576K
}
Event: 435556.974 GC heap before
{Heap before GC invocations=18759 (full 18741):
 garbage-first heap   total 86016K, used 28378K [0x00000000c0000000, 0x0000000100000000)
  region size 1024K, 1 young (1024K), 0 survivors (0K)
 Metaspace       used 58756K, committed 59200K, reserved 1114112K
  class space    used 7290K, committed 7488K, reserved 1048576K
}
Event: 435556.999 GC heap after
{Heap after GC invocations=18760 (full 18742):
 garbage-first heap   total 86016K, used 28378K [0x00000000c0000000, 0x0000000100000000)
  region size 1024K, 0 young (0K), 0 survivors (0K)
 Metaspace       used 58756K, committed 59200K, reserved 1114112K
  class space    used 7290K, committed 7488K, reserved 1048576K
}
Event: 435567.511 GC heap before
{Heap before GC invocations=18760 (full 18742):
 garbage-first heap   total 86016K, used 28378K [0x00000000c0000000, 0x0000000100000000)
  region size 1024K, 1 young (1024K), 0 survivors (0K)
 Metaspace       used 58756K, committed 59200K, reserved 1114112K
  class space    used 7290K, committed 7488K, reserved 1048576K
}
Event: 435567.538 GC heap after
{Heap after GC invocations=18761 (full 18743):
 garbage-first heap   total 86016K, used 28378K [0x00000000c0000000, 0x0000000100000000)
  region size 1024K, 0 young (0K), 0 survivors (0K)
 Metaspace       used 58756K, committed 59200K, reserved 1114112K
  class space    used 7290K, committed 7488K, reserved 1048576K
}
Event: 435578.063 GC heap before
{Heap before GC invocations=18761 (full 18743):
 garbage-first heap   total 86016K, used 28378K [0x00000000c0000000, 0x0000000100000000)
  region size 1024K, 1 young (1024K), 0 survivors (0K)
 Metaspace       used 58756K, committed 59200K, reserved 1114112K
  class space    used 7290K, committed 7488K, reserved 1048576K
}
Event: 435578.089 GC heap after
{Heap after GC invocations=18762 (full 18744):
 garbage-first heap   total 86016K, used 28378K [0x00000000c0000000, 0x0000000100000000)
  region size 1024K, 0 young (0K), 0 survivors (0K)
 Metaspace       used 58756K, committed 59200K, reserved 1114112K
  class space    used 7290K, committed 7488K, reserved 1048576K
}
Event: 435588.608 GC heap before
{Heap before GC invocations=18762 (full 18744):
 garbage-first heap   total 86016K, used 28378K [0x00000000c0000000, 0x0000000100000000)
  region size 1024K, 1 young (1024K), 0 survivors (0K)
 Metaspace       used 58756K, committed 59200K, reserved 1114112K
  class space    used 7290K, committed 7488K, reserved 1048576K
}
Event: 435588.635 GC heap after
{Heap after GC invocations=18763 (full 18745):
 garbage-first heap   total 86016K, used 28378K [0x00000000c0000000, 0x0000000100000000)
  region size 1024K, 0 young (0K), 0 survivors (0K)
 Metaspace       used 58756K, committed 59200K, reserved 1114112K
  class space    used 7290K, committed 7488K, reserved 1048576K
}
Event: 435599.143 GC heap before
{Heap before GC invocations=18763 (full 18745):
 garbage-first heap   total 86016K, used 28378K [0x00000000c0000000, 0x0000000100000000)
  region size 1024K, 1 young (1024K), 0 survivors (0K)
 Metaspace       used 58756K, committed 59200K, reserved 1114112K
  class space    used 7290K, committed 7488K, reserved 1048576K
}
Event: 435599.167 GC heap after
{Heap after GC invocations=18764 (full 18746):
 garbage-first heap   total 86016K, used 28378K [0x00000000c0000000, 0x0000000100000000)
  region size 1024K, 0 young (0K), 0 survivors (0K)
 Metaspace       used 58756K, committed 59200K, reserved 1114112K
  class space    used 7290K, committed 7488K, reserved 1048576K
}
Event: 435609.647 GC heap before
{Heap before GC invocations=18764 (full 18746):
 garbage-first heap   total 86016K, used 28378K [0x00000000c0000000, 0x0000000100000000)
  region size 1024K, 1 young (1024K), 0 survivors (0K)
 Metaspace       used 58756K, committed 59200K, reserved 1114112K
  class space    used 7290K, committed 7488K, reserved 1048576K
}
Event: 435609.672 GC heap after
{Heap after GC invocations=18765 (full 18747):
 garbage-first heap   total 86016K, used 28378K [0x00000000c0000000, 0x0000000100000000)
  region size 1024K, 0 young (0K), 0 survivors (0K)
 Metaspace       used 58756K, committed 59200K, reserved 1114112K
  class space    used 7290K, committed 7488K, reserved 1048576K
}
Event: 435620.154 GC heap before
{Heap before GC invocations=18765 (full 18747):
 garbage-first heap   total 86016K, used 28378K [0x00000000c0000000, 0x0000000100000000)
  region size 1024K, 1 young (1024K), 0 survivors (0K)
 Metaspace       used 58756K, committed 59200K, reserved 1114112K
  class space    used 7290K, committed 7488K, reserved 1048576K
}
Event: 435620.182 GC heap after
{Heap after GC invocations=18766 (full 18748):
 garbage-first heap   total 86016K, used 28378K [0x00000000c0000000, 0x0000000100000000)
  region size 1024K, 0 young (0K), 0 survivors (0K)
 Metaspace       used 58756K, committed 59200K, reserved 1114112K
  class space    used 7290K, committed 7488K, reserved 1048576K
}
Event: 435630.687 GC heap before
{Heap before GC invocations=18766 (full 18748):
 garbage-first heap   total 86016K, used 28378K [0x00000000c0000000, 0x0000000100000000)
  region size 1024K, 1 young (1024K), 0 survivors (0K)
 Metaspace       used 58756K, committed 59200K, reserved 1114112K
  class space    used 7290K, committed 7488K, reserved 1048576K
}
Event: 435630.713 GC heap after
{Heap after GC invocations=18767 (full 18749):
 garbage-first heap   total 86016K, used 28378K [0x00000000c0000000, 0x0000000100000000)
  region size 1024K, 0 young (0K), 0 survivors (0K)
 Metaspace       used 58756K, committed 59200K, reserved 1114112K
  class space    used 7290K, committed 7488K, reserved 1048576K
}

